{"project_id": "demo", "user_id": "anon", "room": {"width_cm": 560, "height_cm": 362, "doors": [{"x": 0, "y": 160, "w": 90, "h": 5}], "windows": [{"x": 300, "y": 0, "w": 120, "h": 5}], "keepouts": []}, "items": [{"id": "sofa1", "type": "sofa", "min_w": 180, "max_w": 240, "min_h": 80, "max_h": 100, "allow_rotate": [0, 90], "clearance_cm": 10, "aspect_lock": false}, {"id": "tv1", "type": "tv", "min_w": 120, "max_w": 150, "min_h": 30, "max_h": 40, "allow_rotate": [0, 90], "clearance_cm": 0, "aspect_lock": false}, {"id": "table1", "type": "table", "min_w": 100, "max_w": 140, "min_h": 70, "max_h": 90, "allow_rotate": [0], "clearance_cm": 10, "aspect_lock": false}, {"id": "plant1", "type": "plant", "min_w": 40, "max_w": 50, "min_h": 40, "max_h": 50, "allow_rotate": [0], "clearance_cm": 0, "aspect_lock": false}], "constraints": {"hard": [{"type": "stay_inside_room", "subject": null, "object": null, "a": null, "b": null, "wall": null, "corner": null, "min_cm": null, "max_cm": null, "max_distance_cm": null}, {"type": "no_overlap", "subject": null, "object": null, "a": null, "b": null, "wall": null, "corner": null, "min_cm": null, "max_cm": null, "max_distance_cm": null}, {"type": "keepouts_respected", "subject": null, "object": null, "a": null, "b": null, "wall": null, "corner": null, "min_cm": null, "max_cm": null, "max_distance_cm": null}], "soft": [{"type": "compactness", "weight": 0.475, "min_cm": null, "max_cm": null, "target_cm": null, "subject": null, "object": null}], "relations": []}, "weights_used": {"compactness": 0.475, "tv_viewing_distance": 2.0, "walkway": 3.1500000000000004}, "initial_layout": {"placements": [{"id": "sofa1", "x": 0, "y": 0, "w": 180, "h": 80, "rotation": 0}, {"id": "tv1", "x": 0, "y": 0, "w": 120, "h": 30, "rotation": 0}, {"id": "table1", "x": 0, "y": 0, "w": 100, "h": 70, "rotation": 0}, {"id": "plant1", "x": 0, "y": 0, "w": 40, "h": 40, "rotation": 0}], "objective_breakdown": {}}, "accepted": null, "timestamp": "2025-11-01T14:41:33Z"}
{"project_id": "demo", "user_id": "anon", "room": {"width_cm": 700, "height_cm": 362, "doors": [{"x": 0, "y": 160, "w": 90, "h": 5}], "windows": [{"x": 300, "y": 0, "w": 120, "h": 5}], "keepouts": []}, "items": [{"id": "sofa1", "type": "sofa", "min_w": 180, "max_w": 240, "min_h": 80, "max_h": 100, "allow_rotate": [0, 90], "clearance_cm": 10, "aspect_lock": false}, {"id": "tv1", "type": "tv", "min_w": 120, "max_w": 150, "min_h": 30, "max_h": 40, "allow_rotate": [0, 90], "clearance_cm": 0, "aspect_lock": false}, {"id": "table1", "type": "table", "min_w": 100, "max_w": 140, "min_h": 70, "max_h": 90, "allow_rotate": [0], "clearance_cm": 10, "aspect_lock": false}, {"id": "plant1", "type": "plant", "min_w": 40, "max_w": 50, "min_h": 40, "max_h": 50, "allow_rotate": [0], "clearance_cm": 0, "aspect_lock": false}], "constraints": {"hard": [{"type": "stay_inside_room", "subject": null, "object": null, "a": null, "b": null, "wall": null, "corner": null, "min_cm": null, "max_cm": null, "max_distance_cm": null}, {"type": "no_overlap", "subject": null, "object": null, "a": null, "b": null, "wall": null, "corner": null, "min_cm": null, "max_cm": null, "max_distance_cm": null}, {"type": "keepouts_respected", "subject": null, "object": null, "a": null, "b": null, "wall": null, "corner": null, "min_cm": null, "max_cm": null, "max_distance_cm": null}], "soft": [{"type": "compactness", "weight": 0.475, "min_cm": null, "max_cm": null, "target_cm": null, "subject": null, "object": null}], "relations": []}, "weights_used": {"compactness": 0.475, "tv_viewing_distance": 2.0, "walkway": 3.1500000000000004}, "initial_layout": {"placements": [{"id": "sofa1", "x": 0, "y": 0, "w": 180, "h": 80, "rotation": 0}, {"id": "tv1", "x": 0, "y": 0, "w": 120, "h": 30, "rotation": 0}, {"id": "table1", "x": 0, "y": 0, "w": 100, "h": 70, "rotation": 0}, {"id": "plant1", "x": 0, "y": 0, "w": 40, "h": 40, "rotation": 0}], "objective_breakdown": {}}, "accepted": null, "timestamp": "2025-11-01T14:42:04Z"}
{"project_id": "demo", "user_id": "anon", "room": {"width_cm": 700, "height_cm": 362, "doors": [{"x": 0, "y": 160, "w": 90, "h": 5}], "windows": [{"x": 300, "y": 0, "w": 120, "h": 5}], "keepouts": []}, "items": [{"id": "sofa1", "type": "sofa", "min_w": 180, "max_w": 240, "min_h": 80, "max_h": 100, "allow_rotate": [0, 90], "clearance_cm": 10, "aspect_lock": false}, {"id": "tv1", "type": "tv", "min_w": 120, "max_w": 150, "min_h": 30, "max_h": 40, "allow_rotate": [0, 90], "clearance_cm": 0, "aspect_lock": false}, {"id": "table1", "type": "table", "min_w": 100, "max_w": 140, "min_h": 70, "max_h": 90, "allow_rotate": [0], "clearance_cm": 10, "aspect_lock": false}, {"id": "plant1", "type": "plant", "min_w": 40, "max_w": 50, "min_h": 40, "max_h": 50, "allow_rotate": [0], "clearance_cm": 0, "aspect_lock": false}], "constraints": {"hard": [{"type": "stay_inside_room", "subject": null, "object": null, "a": null, "b": null, "wall": null, "corner": null, "min_cm": null, "max_cm": null, "max_distance_cm": null}, {"type": "no_overlap", "subject": null, "object": null, "a": null, "b": null, "wall": null, "corner": null, "min_cm": null, "max_cm": null, "max_distance_cm": null}, {"type": "keepouts_respected", "subject": null, "object": null, "a": null, "b": null, "wall": null, "corner": null, "min_cm": null, "max_cm": null, "max_distance_cm": null}], "soft": [{"type": "compactness", "weight": 0.475, "min_cm": null, "max_cm": null, "target_cm": null, "subject": null, "object": null}], "relations": []}, "weights_used": {"compactness": 0.475, "tv_viewing_distance": 2.0, "walkway": 3.1500000000000004}, "initial_layout": {"placements": [{"id": "sofa1", "x": 0, "y": 0, "w": 180, "h": 80, "rotation": 0}, {"id": "tv1", "x": 0, "y": 0, "w": 120, "h": 30, "rotation": 0}, {"id": "table1", "x": 0, "y": 0, "w": 100, "h": 70, "rotation": 0}, {"id": "plant1", "x": 0, "y": 0, "w": 40, "h": 40, "rotation": 0}], "objective_breakdown": {}}, "accepted": null, "timestamp": "2025-11-01T14:42:37Z"}
{"project_id": "demo", "user_id": "anon", "room": {"width_cm": 520, "height_cm": 380, "doors": [{"x": 0, "y": 160, "w": 90, "h": 5}], "windows": [{"x": 300, "y": 0, "w": 120, "h": 5}], "keepouts": []}, "items": [{"id": "sofa1", "type": "sofa", "min_w": 180, "max_w": 240, "min_h": 80, "max_h": 100, "allow_rotate": [0, 90], "clearance_cm": 10, "aspect_lock": false}, {"id": "tv1", "type": "tv", "min_w": 120, "max_w": 150, "min_h": 30, "max_h": 40, "allow_rotate": [0, 90], "clearance_cm": 0, "aspect_lock": false}, {"id": "table1", "type": "table", "min_w": 100, "max_w": 140, "min_h": 70, "max_h": 90, "allow_rotate": [0], "clearance_cm": 10, "aspect_lock": false}, {"id": "plant1", "type": "plant", "min_w": 40, "max_w": 50, "min_h": 40, "max_h": 50, "allow_rotate": [0], "clearance_cm": 0, "aspect_lock": false}], "constraints": {"hard": [{"type": "stay_inside_room", "subject": null, "object": null, "a": null, "b": null, "wall": null, "corner": null, "min_cm": null, "max_cm": null, "max_distance_cm": null}, {"type": "no_overlap", "subject": null, "object": null, "a": null, "b": null, "wall": null, "corner": null, "min_cm": null, "max_cm": null, "max_distance_cm": null}, {"type": "keepouts_respected", "subject": null, "object": null, "a": null, "b": null, "wall": null, "corner": null, "min_cm": null, "max_cm": null, "max_distance_cm": null}], "soft": [{"type": "compactness", "weight": 0.475, "min_cm": null, "max_cm": null, "target_cm": null, "subject": null, "object": null}], "relations": []}, "weights_used": {"compactness": 0.475, "tv_viewing_distance": 2.0, "walkway": 3.1500000000000004}, "initial_layout": {"placements": [{"id": "sofa1", "x": 0, "y": 0, "w": 180, "h": 80, "rotation": 0}, {"id": "tv1", "x": 0, "y": 0, "w": 120, "h": 30, "rotation": 0}, {"id": "table1", "x": 0, "y": 0, "w": 100, "h": 70, "rotation": 0}, {"id": "plant1", "x": 0, "y": 0, "w": 40, "h": 40, "rotation": 0}], "objective_breakdown": {}}, "accepted": null, "timestamp": "2025-11-01T14:52:45Z"}
{"project_id": "demo", "user_id": "anon", "room": {"width_cm": 520, "height_cm": 380, "doors": [{"x": 0, "y": 160, "w": 90, "h": 5}], "windows": [{"x": 300, "y": 0, "w": 120, "h": 5}], "keepouts": []}, "items": [{"id": "sofa1", "type": "sofa", "min_w": 180, "max_w": 240, "min_h": 80, "max_h": 100, "allow_rotate": [0, 90], "clearance_cm": 10, "aspect_lock": false}, {"id": "tv1", "type": "tv", "min_w": 120, "max_w": 150, "min_h": 30, "max_h": 40, "allow_rotate": [0, 90], "clearance_cm": 0, "aspect_lock": false}, {"id": "table1", "type": "table", "min_w": 100, "max_w": 140, "min_h": 70, "max_h": 90, "allow_rotate": [0], "clearance_cm": 10, "aspect_lock": false}, {"id": "plant1", "type": "plant", "min_w": 40, "max_w": 50, "min_h": 40, "max_h": 50, "allow_rotate": [0], "clearance_cm": 0, "aspect_lock": false}], "constraints": {"hard": [{"type": "stay_inside_room", "subject": null, "object": null, "a": null, "b": null, "wall": null, "corner": null, "min_cm": null, "max_cm": null, "max_distance_cm": null}, {"type": "no_overlap", "subject": null, "object": null, "a": null, "b": null, "wall": null, "corner": null, "min_cm": null, "max_cm": null, "max_distance_cm": null}, {"type": "keepouts_respected", "subject": null, "object": null, "a": null, "b": null, "wall": null, "corner": null, "min_cm": null, "max_cm": null, "max_distance_cm": null}], "soft": [{"type": "compactness", "weight": 0.475, "min_cm": null, "max_cm": null, "target_cm": null, "subject": null, "object": null}], "relations": []}, "weights_used": {"compactness": 0.475, "tv_viewing_distance": 2.0, "walkway": 3.1500000000000004}, "initial_layout": {"placements": [{"id": "sofa1", "x": 0, "y": 0, "w": 180, "h": 80, "rotation": 0}, {"id": "tv1", "x": 0, "y": 0, "w": 120, "h": 30, "rotation": 0}, {"id": "table1", "x": 0, "y": 0, "w": 100, "h": 70, "rotation": 0}, {"id": "plant1", "x": 0, "y": 0, "w": 40, "h": 40, "rotation": 0}], "objective_breakdown": {}}, "accepted": null, "timestamp": "2025-11-01T14:53:08Z"}
{"project_id": "demo", "user_id": "anon", "room": {"width_cm": 520, "height_cm": 380, "doors": [{"x": 0, "y": 160, "w": 90, "h": 5}], "windows": [{"x": 300, "y": 0, "w": 120, "h": 5}], "keepouts": []}, "items": [{"id": "sofa1", "type": "sofa", "min_w": 180, "max_w": 240, "min_h": 80, "max_h": 100, "allow_rotate": [0, 90], "clearance_cm": 10, "aspect_lock": false}, {"id": "tv1", "type": "tv", "min_w": 120, "max_w": 150, "min_h": 30, "max_h": 40, "allow_rotate": [0, 90], "clearance_cm": 0, "aspect_lock": false}, {"id": "table1", "type": "table", "min_w": 100, "max_w": 140, "min_h": 70, "max_h": 90, "allow_rotate": [0], "clearance_cm": 10, "aspect_lock": false}, {"id": "plant1", "type": "plant", "min_w": 40, "max_w": 50, "min_h": 40, "max_h": 50, "allow_rotate": [0], "clearance_cm": 0, "aspect_lock": false}], "constraints": {"hard": [{"type": "stay_inside_room", "subject": null, "object": null, "a": null, "b": null, "wall": null, "corner": null, "min_cm": null, "max_cm": null, "max_distance_cm": null}, {"type": "no_overlap", "subject": null, "object": null, "a": null, "b": null, "wall": null, "corner": null, "min_cm": null, "max_cm": null, "max_distance_cm": null}, {"type": "keepouts_respected", "subject": null, "object": null, "a": null, "b": null, "wall": null, "corner": null, "min_cm": null, "max_cm": null, "max_distance_cm": null}], "soft": [{"type": "compactness", "weight": 0.475, "min_cm": null, "max_cm": null, "target_cm": null, "subject": null, "object": null}], "relations": []}, "weights_used": {"compactness": 0.475, "tv_viewing_distance": 2.0, "walkway": 3.1500000000000004}, "initial_layout": {"placements": [{"id": "sofa1", "x": 0, "y": 0, "w": 180, "h": 80, "rotation": 0}, {"id": "tv1", "x": 0, "y": 0, "w": 120, "h": 30, "rotation": 0}, {"id": "table1", "x": 0, "y": 0, "w": 100, "h": 70, "rotation": 0}, {"id": "plant1", "x": 0, "y": 0, "w": 40, "h": 40, "rotation": 0}], "objective_breakdown": {}}, "accepted": null, "timestamp": "2025-11-01T15:02:16Z"}
{"event": "solve", "method": "ga", "weights_used": {"compactness": 0.475, "tv_viewing_distance": 2.0, "walkway": 3.1500000000000004}, "score": 304.0, "timestamp": "2025-11-01T17:58:05Z"}
{"event": "solve", "method": "sa", "weights_used": {"compactness": 0.475, "tv_viewing_distance": 2.0, "walkway": 3.1500000000000004}, "score": 332.025, "timestamp": "2025-11-01T17:58:19Z"}
{"event": "solve", "method": "ga", "weights_used": {"compactness": 0.475, "tv_viewing_distance": 2.0, "walkway": 3.1500000000000004}, "score": 281.2, "timestamp": "2025-11-01T17:58:20Z"}
{"event": "solve", "method": "ga", "weights_used": {"compactness": 0.475, "tv_viewing_distance": 2.0, "walkway": 3.1500000000000004}, "score": 437.575, "timestamp": "2025-11-01T18:39:50Z"}
{"event": "solve", "method": "ga", "weights_used": {"compactness": 0.475, "tv_viewing_distance": 2.0, "walkway": 3.1500000000000004}, "score": 427.025, "timestamp": "2025-11-01T18:40:00Z"}
{"event": "solve", "method": "ga", "weights_used": {"compactness": 0.475, "tv_viewing_distance": 2.0, "walkway": 3.1500000000000004}, "score": 440.04999999999995, "timestamp": "2025-11-01T18:40:44Z"}
{"event": "solve", "method": "ga", "weights_used": {"compactness": 0.475, "tv_viewing_distance": 2.0, "walkway": 3.1500000000000004}, "score": 441.75, "timestamp": "2025-11-01T18:40:48Z"}
{"event": "solve", "method": "ga", "weights_used": {"compactness": 0.475, "tv_viewing_distance": 2.0, "walkway": 3.1500000000000004}, "score": 740.825, "timestamp": "2025-11-01T18:40:49Z"}
{"event": "solve", "method": "ga", "weights_used": {"compactness": 0.475, "tv_viewing_distance": 2.0, "walkway": 3.1500000000000004}, "score": 1000000000.0, "timestamp": "2025-11-01T18:40:49Z"}
{"event": "solve", "method": "sa", "weights_used": {"compactness": 0.475, "tv_viewing_distance": 2.0, "walkway": 3.1500000000000004}, "score": 1000000000.0, "timestamp": "2025-11-01T18:40:50Z"}
{"event": "solve", "method": "sa", "weights_used": {"compactness": 0.475, "tv_viewing_distance": 2.0, "walkway": 3.1500000000000004}, "score": 1000000000.0, "timestamp": "2025-11-01T18:40:50Z"}
{"event": "solve", "method": "sa", "weights_used": {"compactness": 0.475, "tv_viewing_distance": 2.0, "walkway": 3.1500000000000004}, "score": 1000000000.0, "timestamp": "2025-11-01T18:40:51Z"}
{"event": "solve", "method": "ga", "weights_used": {"compactness": 0.475, "tv_viewing_distance": 2.0, "walkway": 3.1500000000000004}, "score": 430.34999999999997, "timestamp": "2025-11-01T18:40:53Z"}
{"event": "solve", "method": "ga", "weights_used": {"compactness": 0.475, "tv_viewing_distance": 2.0, "walkway": 3.1500000000000004}, "score": 426.54999999999995, "timestamp": "2025-11-01T18:41:00Z"}
{"event": "solve", "method": "ga", "weights_used": {"compactness": 0.475, "tv_viewing_distance": 2.0, "walkway": 3.1500000000000004}, "score": 444.125, "timestamp": "2025-11-01T18:41:02Z"}
{"event": "solve", "method": "ga", "weights_used": {"compactness": 0.475, "tv_viewing_distance": 2.0, "walkway": 3.1500000000000004}, "score": 455.04999999999995, "timestamp": "2025-11-01T18:41:20Z"}
{"event": "solve", "method": "ga", "weights_used": {"compactness": 0.475, "tv_viewing_distance": 2.0, "walkway": 3.1500000000000004}, "score": 387.125, "timestamp": "2025-11-01T19:03:35Z"}
{"event": "solve", "method": "sa", "weights_used": {"compactness": 0.475, "tv_viewing_distance": 2.0, "walkway": 3.1500000000000004}, "score": 217.075, "timestamp": "2025-11-01T19:04:45Z"}
{"event": "solve", "method": "sa", "weights_used": {"compactness": 0.475, "tv_viewing_distance": 2.0, "walkway": 3.1500000000000004}, "score": 253.64999999999998, "timestamp": "2025-11-01T19:04:47Z"}
{"event": "solve", "method": "ga", "weights_used": {"compactness": 0.475, "tv_viewing_distance": 2.0, "walkway": 3.1500000000000004}, "score": 313.025, "timestamp": "2025-11-01T19:05:57Z"}
{"event": "finalize", "accepted": true, "timestamp": "2025-11-01T19:06:06Z"}
{"event": "weights_updated", "weights": {"compactness": 0.49, "tv_viewing_distance": 1.96, "walkway": 2.94}, "score": 529.0, "timestamp": "2025-11-01T19:06:06Z"}
{"event": "solve", "method": "ga", "weights_used": {"compactness": 0.46549999999999997, "tv_viewing_distance": 1.96, "walkway": 3.087}, "score": 262.0765, "timestamp": "2025-11-01T19:06:10Z"}
{"event": "finalize", "accepted": true, "timestamp": "2025-11-01T19:06:28Z"}
{"event": "weights_updated", "weights": {"compactness": 0.48019999999999996, "tv_viewing_distance": 1.9207999999999998, "walkway": 2.8811999999999998}, "score": 583.0999999999999, "timestamp": "2025-11-01T19:06:28Z"}
{"event": "solve", "method": "ga", "weights_used": {"compactness": 0.45618999999999993, "tv_viewing_distance": 1.9207999999999998, "walkway": 3.02526}, "score": 292.41778999999997, "timestamp": "2025-11-01T19:06:30Z"}
{"event": "finalize", "accepted": true, "timestamp": "2025-11-01T19:06:58Z"}
{"event": "weights_updated", "weights": {"compactness": 0.47059599999999996, "tv_viewing_distance": 1.8823839999999998, "walkway": 2.8235759999999996}, "score": 390.8828, "timestamp": "2025-11-01T19:06:58Z"}
{"event": "solve", "method": "ga", "weights_used": {"compactness": 0.4470661999999999, "tv_viewing_distance": 1.8823839999999998, "walkway": 2.9647547999999997}, "score": 244.54521139999994, "timestamp": "2025-11-01T19:06:59Z"}
{"event": "finalize", "accepted": true, "timestamp": "2025-11-01T19:07:08Z"}
{"event": "weights_updated", "weights": {"compactness": 0.46118407999999994, "tv_viewing_distance": 1.8447363199999998, "walkway": 2.7671044799999995}, "score": 490.8316279999999, "timestamp": "2025-11-01T19:07:08Z"}
{"event": "solve", "method": "ga", "weights_used": {"compactness": 0.43812487599999994, "tv_viewing_distance": 1.8447363199999998, "walkway": 2.9054597039999996}, "score": 261.12242609599997, "timestamp": "2025-11-01T19:07:10Z"}
{"event": "solve", "method": "sa", "weights_used": {"compactness": 0.43812487599999994, "tv_viewing_distance": 1.8447363199999998, "walkway": 2.9054597039999996}, "score": 203.72806733999997, "timestamp": "2025-11-01T19:07:12Z"}
{"event": "solve", "method": "sa", "weights_used": {"compactness": 0.43812487599999994, "tv_viewing_distance": 1.8447363199999998, "walkway": 2.9054597039999996}, "score": 213.80493948799997, "timestamp": "2025-11-01T19:07:14Z"}
{"event": "solve", "method": "sa", "weights_used": {"compactness": 0.43812487599999994, "tv_viewing_distance": 1.8447363199999998, "walkway": 2.9054597039999996}, "score": 223.44368675999996, "timestamp": "2025-11-01T19:07:14Z"}
{"event": "solve", "method": "sa", "weights_used": {"compactness": 0.43812487599999994, "tv_viewing_distance": 1.8447363199999998, "walkway": 2.9054597039999996}, "score": 225.19618626399998, "timestamp": "2025-11-01T19:07:15Z"}
{"event": "solve", "method": "sa", "weights_used": {"compactness": 0.43812487599999994, "tv_viewing_distance": 1.8447363199999998, "walkway": 2.9054597039999996}, "score": 230.89180965199998, "timestamp": "2025-11-01T19:07:15Z"}
{"event": "solve", "method": "sa", "weights_used": {"compactness": 0.43812487599999994, "tv_viewing_distance": 1.8447363199999998, "walkway": 2.9054597039999996}, "score": 242.28305642799998, "timestamp": "2025-11-01T19:07:19Z"}
{"event": "solve", "method": "ga", "weights_used": {"compactness": 0.43812487599999994, "tv_viewing_distance": 1.8447363199999998, "walkway": 2.9054597039999996}, "score": 236.58743303999998, "timestamp": "2025-11-01T19:07:21Z"}
{"event": "solve", "method": "ga", "weights_used": {"compactness": 0.43812487599999994, "tv_viewing_distance": 1.8447363199999998, "walkway": 2.9054597039999996}, "score": 251.48367882399995, "timestamp": "2025-11-01T19:07:22Z"}
{"event": "finalize", "accepted": true, "timestamp": "2025-11-01T19:07:30Z"}
{"event": "weights_updated", "weights": {"compactness": 0.4519603983999999, "tv_viewing_distance": 1.8078415935999996, "walkway": 2.7117623903999997}, "score": 566.3340502399999, "timestamp": "2025-11-01T19:07:30Z"}
{"event": "solve", "method": "ga", "weights_used": {"compactness": 0.4293623784799999, "tv_viewing_distance": 1.8078415935999996, "walkway": 2.8473505099199996}, "score": 216.39863875391995, "timestamp": "2025-11-01T19:07:31Z"}
{"event": "finalize", "accepted": true, "timestamp": "2025-11-01T19:07:48Z"}
{"event": "weights_updated", "weights": {"compactness": 0.4429211904319999, "tv_viewing_distance": 1.7716847617279996, "walkway": 2.6575271425919995}, "score": 547.7760028608, "timestamp": "2025-11-01T19:07:48Z"}
{"event": "solve", "method": "ga", "weights_used": {"compactness": 0.42077513091039986, "tv_viewing_distance": 1.7716847617279996, "walkway": 2.7904034997215996}, "score": 321.47220001554547, "timestamp": "2025-11-01T19:07:50Z"}
{"event": "finalize", "accepted": true, "timestamp": "2025-11-01T19:07:56Z"}
{"event": "weights_updated", "weights": {"compactness": 0.4340627666233599, "tv_viewing_distance": 1.7362510664934396, "walkway": 2.6043765997401596}, "score": 570.4824932764159, "timestamp": "2025-11-01T19:07:56Z"}
{"event": "solve", "method": "ga", "weights_used": {"compactness": 0.4123596282921919, "tv_viewing_distance": 1.7362510664934396, "walkway": 2.7345954297271677}, "score": 255.2506099128668, "timestamp": "2025-11-01T19:07:57Z"}
{"event": "solve", "method": "ga", "weights_used": {"compactness": 0.4123596282921919, "tv_viewing_distance": 1.7362510664934396, "walkway": 2.7345954297271677}, "score": 253.18881177140582, "timestamp": "2025-11-01T19:08:02Z"}
{"event": "finalize", "accepted": true, "timestamp": "2025-11-01T19:08:08Z"}
{"event": "weights_updated", "weights": {"compactness": 0.4253815112908927, "tv_viewing_distance": 1.7015260451635708, "walkway": 2.5522890677453565}, "score": 456.1999677211512, "timestamp": "2025-11-01T19:08:08Z"}
{"event": "solve", "method": "ga", "weights_used": {"compactness": 0.40411243572634803, "tv_viewing_distance": 1.7015260451635708, "walkway": 2.6799035211326245}, "score": 241.65923656435612, "timestamp": "2025-11-01T19:08:11Z"}
{"event": "finalize", "accepted": true, "timestamp": "2025-11-01T19:08:18Z"}
{"event": "weights_updated", "weights": {"compactness": 0.41687388106507484, "tv_viewing_distance": 1.6674955242602993, "walkway": 2.5012432863904492}, "score": 446.6505868554373, "timestamp": "2025-11-01T19:08:18Z"}
{"event": "solve", "method": "ga", "weights_used": {"compactness": 0.3960301870118211, "tv_viewing_distance": 1.6674955242602993, "walkway": 2.626305450709972}, "score": 265.34022529792014, "timestamp": "2025-11-01T19:08:19Z"}
{"event": "solve", "method": "sa", "weights_used": {"compactness": 0.3960301870118211, "tv_viewing_distance": 1.6674955242602993, "walkway": 2.626305450709972}, "score": 211.08408967730062, "timestamp": "2025-11-01T19:09:06Z"}
{"event": "finalize", "accepted": true, "timestamp": "2025-11-01T19:09:11Z"}
{"event": "weights_updated", "weights": {"compactness": 0.40853640344377334, "tv_viewing_distance": 1.6341456137750934, "walkway": 2.45121842066264}, "score": 528.1792073094498, "timestamp": "2025-11-01T19:09:11Z"}
{"event": "solve", "method": "sa", "weights_used": {"compactness": 0.3881095832715847, "tv_viewing_distance": 1.6341456137750934, "walkway": 2.573779341695772}, "score": 235.97062662912347, "timestamp": "2025-11-01T19:09:13Z"}
{"event": "finalize", "accepted": true, "timestamp": "2025-11-01T19:09:18Z"}
{"event": "weights_updated", "weights": {"compactness": 0.40036567537489787, "tv_viewing_distance": 1.6014627014995915, "walkway": 2.402194052249387}, "score": 399.1400661645666, "timestamp": "2025-11-01T19:09:18Z"}
{"event": "solve", "method": "sa", "weights_used": {"compactness": 0.38034739160615294, "tv_viewing_distance": 1.6014627014995915, "walkway": 2.5223037548618565}, "score": 208.81071799177798, "timestamp": "2025-11-01T19:09:20Z"}
{"event": "finalize", "accepted": true, "timestamp": "2025-11-01T19:09:27Z"}
{"event": "weights_updated", "weights": {"compactness": 0.3923583618673999, "tv_viewing_distance": 1.5694334474695997, "walkway": 2.3541501712043993}, "score": 411.575914285395, "timestamp": "2025-11-01T19:09:27Z"}
{"event": "solve", "method": "sa", "weights_used": {"compactness": 0.37274044377402993, "tv_viewing_distance": 1.5694334474695997, "walkway": 2.4718576797646192}, "score": 196.06147342513975, "timestamp": "2025-11-01T19:09:28Z"}
{"event": "finalize", "accepted": true, "timestamp": "2025-11-01T19:09:36Z"}
{"event": "weights_updated", "weights": {"compactness": 0.3845111946300519, "tv_viewing_distance": 1.5380447785202076, "walkway": 2.3070671677803114}, "score": 422.56995573118974, "timestamp": "2025-11-01T19:09:36Z"}
{"event": "solve", "method": "sa", "weights_used": {"compactness": 0.36528563489854926, "tv_viewing_distance": 1.5380447785202076, "walkway": 2.422420526169327}, "score": 172.7801053070138, "timestamp": "2025-11-01T19:09:37Z"}
{"event": "solve", "method": "sa", "weights_used": {"compactness": 0.36528563489854926, "tv_viewing_distance": 1.5380447785202076, "walkway": 2.422420526169327}, "score": 220.9978091136223, "timestamp": "2025-11-01T19:09:43Z"}
{"event": "finalize", "accepted": true, "timestamp": "2025-11-01T19:09:48Z"}
{"event": "weights_updated", "weights": {"compactness": 0.37682097073745086, "tv_viewing_distance": 1.5072838829498034, "walkway": 2.2609258244247052}, "score": 464.8740343077327, "timestamp": "2025-11-01T19:09:48Z"}
{"event": "solve", "method": "sa", "weights_used": {"compactness": 0.3579799222005783, "tv_viewing_distance": 1.5072838829498034, "walkway": 2.3739721156459406}, "score": 202.97461588772788, "timestamp": "2025-11-01T19:09:49Z"}
{"event": "finalize", "accepted": true, "timestamp": "2025-11-01T19:09:54Z"}
{"event": "weights_updated", "weights": {"compactness": 0.3692845513227018, "tv_viewing_distance": 1.4771382052908073, "walkway": 2.2157073079362113}, "score": 445.0255664409295, "timestamp": "2025-11-01T19:09:54Z"}
{"event": "solve", "method": "sa", "weights_used": {"compactness": 0.35082032375656674, "tv_viewing_distance": 1.4771382052908073, "walkway": 2.326492673333022}, "score": 242.06602339203104, "timestamp": "2025-11-01T19:09:56Z"}
{"event": "finalize", "accepted": true, "timestamp": "2025-11-01T19:10:03Z"}
{"event": "weights_updated", "weights": {"compactness": 0.3618988602962478, "tv_viewing_distance": 1.4475954411849912, "walkway": 2.171393161777487}, "score": 401.7815918390996, "timestamp": "2025-11-01T19:10:03Z"}
{"event": "solve", "method": "sa", "weights_used": {"compactness": 0.3438039172814354, "tv_viewing_distance": 1.4475954411849912, "walkway": 2.2799628198663617}, "score": 142.06339760929208, "timestamp": "2025-11-01T19:10:06Z"}
{"event": "solve", "method": "ga", "weights_used": {"compactness": 0.3438039172814354, "tv_viewing_distance": 1.4475954411849912, "walkway": 2.2799628198663617}, "score": 231.0362324131246, "timestamp": "2025-11-01T19:10:07Z"}
{"event": "solve", "method": "ga", "weights_used": {"compactness": 0.3438039172814354, "tv_viewing_distance": 1.4475954411849912, "walkway": 2.2799628198663617}, "score": 294.63995711019015, "timestamp": "2025-11-01T19:10:13Z"}
{"event": "finalize", "accepted": true, "timestamp": "2025-11-01T19:10:23Z"}
{"event": "weights_updated", "weights": {"compactness": 0.35466088309032284, "tv_viewing_distance": 1.4186435323612914, "walkway": 2.1279652985419375}, "score": 469.38282180423334, "timestamp": "2025-11-01T19:10:23Z"}
{"event": "solve", "method": "ga", "weights_used": {"compactness": 0.3369278389358067, "tv_viewing_distance": 1.4186435323612914, "walkway": 2.2343635634690346}, "score": 247.30503377888212, "timestamp": "2025-11-01T19:10:25Z"}
{"event": "finalize", "accepted": true, "timestamp": "2025-11-01T19:10:39Z"}
{"event": "weights_updated", "weights": {"compactness": 0.34756766542851636, "tv_viewing_distance": 1.3902706617140654, "walkway": 2.085405992571099}, "score": 367.07401399848413, "timestamp": "2025-11-01T19:10:39Z"}
{"event": "solve", "method": "ga", "weights_used": {"compactness": 0.33018928215709054, "tv_viewing_distance": 1.3902706617140654, "walkway": 2.1896762921996538}, "score": 270.75521136881423, "timestamp": "2025-11-01T19:10:41Z"}
{"event": "solve", "method": "sa", "weights_used": {"compactness": 0.33018928215709054, "tv_viewing_distance": 1.3902706617140654, "walkway": 2.1896762921996538}, "score": 206.36830134818157, "timestamp": "2025-11-01T19:10:43Z"}
{"event": "finalize", "accepted": true, "timestamp": "2025-11-01T19:10:53Z"}
{"event": "weights_updated", "weights": {"compactness": 0.34061631211994603, "tv_viewing_distance": 1.3624652484797841, "walkway": 2.043697872719677}, "score": 433.4168787893599, "timestamp": "2025-11-01T19:10:53Z"}
{"event": "solve", "method": "sa", "weights_used": {"compactness": 0.3235854965139487, "tv_viewing_distance": 1.3624652484797841, "walkway": 2.145882766355661}, "score": 231.68721550398726, "timestamp": "2025-11-01T19:10:54Z"}
{"event": "finalize", "accepted": true, "timestamp": "2025-11-01T19:11:02Z"}
{"event": "weights_updated", "weights": {"compactness": 0.3338039858775471, "tv_viewing_distance": 1.3352159435101885, "walkway": 2.0028239152652834}, "score": 426.1110064620525, "timestamp": "2025-11-01T19:11:02Z"}
{"event": "solve", "method": "sa", "weights_used": {"compactness": 0.31711378658366973, "tv_viewing_distance": 1.3352159435101885, "walkway": 2.1029651110285474}, "score": 210.5635542915567, "timestamp": "2025-11-01T19:11:04Z"}
{"event": "solve", "method": "ga", "weights_used": {"compactness": 0.31711378658366973, "tv_viewing_distance": 1.3352159435101885, "walkway": 2.1029651110285474}, "score": 249.5685500413481, "timestamp": "2025-11-01T19:11:05Z"}
{"event": "solve", "method": "ga", "weights_used": {"compactness": 0.31711378658366973, "tv_viewing_distance": 1.3352159435101885, "walkway": 2.1029651110285474}, "score": 250.83700518768276, "timestamp": "2025-11-01T19:11:09Z"}
{"event": "solve", "method": "ga", "weights_used": {"compactness": 0.31711378658366973, "tv_viewing_distance": 1.3352159435101885, "walkway": 2.1029651110285474}, "score": 213.41757837080974, "timestamp": "2025-11-01T19:11:10Z"}
{"event": "solve", "method": "ga", "weights_used": {"compactness": 0.31711378658366973, "tv_viewing_distance": 1.3352159435101885, "walkway": 2.1029651110285474}, "score": 265.1071255839479, "timestamp": "2025-11-01T19:11:11Z"}
{"event": "solve", "method": "ga", "weights_used": {"compactness": 0.31711378658366973, "tv_viewing_distance": 1.3352159435101885, "walkway": 2.1029651110285474}, "score": 215.00314730372807, "timestamp": "2025-11-01T19:11:13Z"}
{"event": "solve", "method": "ga", "weights_used": {"compactness": 0.31711378658366973, "tv_viewing_distance": 1.3352159435101885, "walkway": 2.1029651110285474}, "score": 254.32525684010312, "timestamp": "2025-11-01T19:11:14Z"}
{"event": "finalize", "accepted": true, "timestamp": "2025-11-01T19:11:20Z"}
{"event": "weights_updated", "weights": {"compactness": 0.32712790615999615, "tv_viewing_distance": 1.3085116246399846, "walkway": 1.9627674369599777}, "score": 356.50265691722035, "timestamp": "2025-11-01T19:11:20Z"}
{"event": "solve", "method": "ga", "weights_used": {"compactness": 0.31077151085199634, "tv_viewing_distance": 1.3085116246399846, "walkway": 2.0609058088079766}, "score": 254.832638898637, "timestamp": "2025-11-01T19:30:38Z"}
{"event": "finalize", "accepted": true, "penalties": {"compactness": 848.0, "tv_viewing_distance": 0.0, "walkway": 0.0}, "weights_new": {"compactness": 0.2453459301504227, "tv_viewing_distance": 1.4311845891847705, "walkway": 1.9218764484247652}, "timestamp": "2025-11-01T19:42:34Z"}
{"event": "solve", "method": "ga", "weights_used": {"compactness": 0.2453459301504227, "tv_viewing_distance": 1.4311845891847705, "walkway": 2.0179702708460034}, "score": 3694500.7901811968, "penalties": {"compactness": 1000000.0, "tv_viewing_distance": 1000000.0, "walkway": 1000000.0}, "timestamp": "2025-11-01T19:42:36Z"}
{"event": "finalize", "accepted": true, "penalties": {"compactness": 889.0, "tv_viewing_distance": 0.0, "walkway": 0.0}, "weights_new": {"compactness": 0.18400944811877976, "tv_viewing_distance": 1.5231893126055913, "walkway": 1.8912082070355873}, "timestamp": "2025-11-01T19:43:45Z"}
{"event": "solve", "method": "ga", "weights_used": {"compactness": 0.18400944811877976, "tv_viewing_distance": 1.5231893126055913, "walkway": 1.9857686173873668}, "score": 108.01354604572371, "penalties": {"compactness": 587.0, "tv_viewing_distance": 0.0, "walkway": 0.0}, "timestamp": "2025-11-01T19:43:48Z"}
{"event": "solve", "method": "sa", "weights_used": {"compactness": 0.18400944811877976, "tv_viewing_distance": 1.5231893126055913, "walkway": 1.9857686173873668}, "score": 121.07821686215708, "penalties": {"compactness": 658.0, "tv_viewing_distance": 0.0, "walkway": 0.0}, "timestamp": "2025-11-01T19:43:51Z"}
{"event": "solve", "method": "ga", "weights_used": {"compactness": 0.18400944811877976, "tv_viewing_distance": 1.5231893126055913, "walkway": 1.9857686173873668}, "score": 112.79779169681198, "penalties": {"compactness": 613.0, "tv_viewing_distance": 0.0, "walkway": 0.0}, "timestamp": "2025-11-01T19:43:56Z"}
{"event": "solve", "method": "ga", "weights_used": {"compactness": 0.18400944811877976, "tv_viewing_distance": 1.5231893126055913, "walkway": 1.9857686173873668}, "score": 120.52618851780073, "penalties": {"compactness": 655.0, "tv_viewing_distance": 0.0, "walkway": 0.0}, "timestamp": "2025-11-01T19:43:58Z"}
{"event": "finalize", "accepted": true, "penalties": {"compactness": 883.0, "tv_viewing_distance": 0.0, "walkway": 0.0}, "weights_new": {"compactness": 0.1380070865984856, "tv_viewing_distance": 1.592192855169488, "walkway": 1.868207025991985}, "timestamp": "2025-11-01T19:44:14Z"}
{"event": "solve", "method": "ga", "weights_used": {"compactness": 0.1380070865984856, "tv_viewing_distance": 1.592192855169488, "walkway": 1.9616173772915844}, "score": 94.9488755797581, "penalties": {"compactness": 688.0, "tv_viewing_distance": 0.0, "walkway": 0.0}, "timestamp": "2025-11-01T19:44:16Z"}
{"event": "solve", "method": "ga", "weights_used": {"compactness": 0.1380070865984856, "tv_viewing_distance": 1.592192855169488, "walkway": 1.9616173772915844}, "score": 83.49428739208379, "penalties": {"compactness": 605.0, "tv_viewing_distance": 0.0, "walkway": 0.0}, "timestamp": "2025-11-01T19:44:19Z"}
{"event": "solve", "method": "ga", "weights_used": {"compactness": 0.1380070865984856, "tv_viewing_distance": 1.592192855169488, "walkway": 1.9616173772915844}, "score": 81.56218817970499, "penalties": {"compactness": 591.0, "tv_viewing_distance": 0.0, "walkway": 0.0}, "timestamp": "2025-11-01T19:44:20Z"}
{"event": "solve", "method": "ga", "weights_used": {"compactness": 0.1380070865984856, "tv_viewing_distance": 1.592192855169488, "walkway": 1.9616173772915844}, "score": 78.52603227453831, "penalties": {"compactness": 569.0, "tv_viewing_distance": 0.0, "walkway": 0.0}, "timestamp": "2025-11-01T19:44:21Z"}
{"event": "finalize", "accepted": true, "penalties": {"compactness": 1000000.0, "tv_viewing_distance": 1000000.0, "walkway": 1000000.0}, "weights_new": {"compactness": 0.4033725622621941, "tv_viewing_distance": 1.4940118886904459, "walkway": 1.7010225168073185}, "timestamp": "2025-11-01T19:44:46Z"}
{"event": "solve", "method": "ga", "weights_used": {"compactness": 0.4033725622621941, "tv_viewing_distance": 1.4940118886904459, "walkway": 1.7860736426476844}, "score": 238.7965568592189, "penalties": {"compactness": 592.0, "tv_viewing_distance": 0.0, "walkway": 0.0}, "timestamp": "2025-11-01T19:44:48Z"}
{"event": "solve", "method": "ga", "weights_used": {"compactness": 0.4033725622621941, "tv_viewing_distance": 1.4940118886904459, "walkway": 1.7860736426476844}, "score": 271.87310696471883, "penalties": {"compactness": 674.0, "tv_viewing_distance": 0.0, "walkway": 0.0}, "timestamp": "2025-11-01T19:44:56Z"}
{"event": "solve", "method": "ga", "weights_used": {"compactness": 0.4033725622621941, "tv_viewing_distance": 1.4940118886904459, "walkway": 1.7860736426476844}, "score": 236.37632148564575, "penalties": {"compactness": 586.0, "tv_viewing_distance": 0.0, "walkway": 0.0}, "timestamp": "2025-11-01T19:45:13Z"}
{"event": "solve", "method": "ga", "weights_used": {"compactness": 0.4033725622621941, "tv_viewing_distance": 1.4940118886904459, "walkway": 1.7860736426476844}, "score": 267.0326362175725, "penalties": {"compactness": 662.0, "tv_viewing_distance": 0.0, "walkway": 0.0}, "timestamp": "2025-11-01T19:45:15Z"}
{"event": "solve", "method": "sa", "weights_used": {"compactness": 0.4033725622621941, "tv_viewing_distance": 1.4940118886904459, "walkway": 1.7860736426476844}, "score": 329.1520108059504, "penalties": {"compactness": 816.0, "tv_viewing_distance": 0.0, "walkway": 0.0}, "timestamp": "2025-11-01T19:45:16Z"}
{"event": "solve", "method": "sa", "weights_used": {"compactness": 0.4033725622621941, "tv_viewing_distance": 1.4940118886904459, "walkway": 1.7860736426476844}, "score": 267.8393813420969, "penalties": {"compactness": 664.0, "tv_viewing_distance": 0.0, "walkway": 0.0}, "timestamp": "2025-11-01T19:45:18Z"}
{"event": "solve", "method": "sa", "weights_used": {"compactness": 0.4033725622621941, "tv_viewing_distance": 1.4940118886904459, "walkway": 1.7860736426476844}, "score": 291.23498995330414, "penalties": {"compactness": 722.0, "tv_viewing_distance": 0.0, "walkway": 0.0}, "timestamp": "2025-11-01T19:45:19Z"}
{"event": "solve", "method": "sa", "weights_used": {"compactness": 0.4033725622621941, "tv_viewing_distance": 1.4940118886904459, "walkway": 1.7860736426476844}, "score": 329.1520108059504, "penalties": {"compactness": 816.0, "tv_viewing_distance": 0.0, "walkway": 0.0}, "timestamp": "2025-11-01T19:45:19Z"}
{"event": "solve", "method": "sa", "weights_used": {"compactness": 0.4033725622621941, "tv_viewing_distance": 1.4940118886904459, "walkway": 1.7860736426476844}, "score": 270.25961671567006, "penalties": {"compactness": 670.0, "tv_viewing_distance": 0.0, "walkway": 0.0}, "timestamp": "2025-11-01T19:45:20Z"}
{"event": "solve", "method": "sa", "weights_used": {"compactness": 0.4033725622621941, "tv_viewing_distance": 1.4940118886904459, "walkway": 1.7860736426476844}, "score": 298.09232351176144, "penalties": {"compactness": 739.0, "tv_viewing_distance": 0.0, "walkway": 0.0}, "timestamp": "2025-11-01T19:45:21Z"}
{"event": "solve", "method": "sa", "weights_used": {"compactness": 0.4033725622621941, "tv_viewing_distance": 1.4940118886904459, "walkway": 1.7860736426476844}, "score": 292.4451076400907, "penalties": {"compactness": 725.0, "tv_viewing_distance": 0.0, "walkway": 0.0}, "timestamp": "2025-11-01T19:45:22Z"}
{"event": "solve", "method": "sa", "weights_used": {"compactness": 0.4033725622621941, "tv_viewing_distance": 1.4940118886904459, "walkway": 1.7860736426476844}, "score": 309.79012781736503, "penalties": {"compactness": 768.0, "tv_viewing_distance": 0.0, "walkway": 0.0}, "timestamp": "2025-11-01T19:45:23Z"}
{"event": "solve", "method": "ga", "weights_used": {"compactness": 0.4033725622621941, "tv_viewing_distance": 1.4940118886904459, "walkway": 1.7860736426476844}, "score": 175.46706458405444, "penalties": {"compactness": 435.0, "tv_viewing_distance": 0.0, "walkway": 0.0}, "timestamp": "2025-11-01T19:45:40Z"}
{"event": "solve", "method": "ga", "weights_used": {"compactness": 0.4033725622621941, "tv_viewing_distance": 1.4940118886904459, "walkway": 1.7860736426476844}, "score": 179.90416276893856, "penalties": {"compactness": 446.0, "tv_viewing_distance": 0.0, "walkway": 0.0}, "timestamp": "2025-11-01T19:45:43Z"}
{"event": "solve", "method": "ga", "weights_used": {"compactness": 0.4033725622621941, "tv_viewing_distance": 1.4940118886904459, "walkway": 1.7860736426476844}, "score": 166.59286821428617, "penalties": {"compactness": 413.0, "tv_viewing_distance": 0.0, "walkway": 0.0}, "timestamp": "2025-11-01T19:45:45Z"}
{"event": "solve", "method": "ga", "weights_used": {"compactness": 0.4033725622621941, "tv_viewing_distance": 1.4940118886904459, "walkway": 1.7860736426476844}, "score": 161.34902490487764, "penalties": {"compactness": 400.0, "tv_viewing_distance": 0.0, "walkway": 0.0}, "timestamp": "2025-11-01T19:45:45Z"}
{"event": "solve", "method": "sa", "weights_used": {"compactness": 0.4033725622621941, "tv_viewing_distance": 1.4940118886904459, "walkway": 1.7860736426476844}, "score": 179.50079020667636, "penalties": {"compactness": 445.0, "tv_viewing_distance": 0.0, "walkway": 0.0}, "timestamp": "2025-11-01T19:45:46Z"}
{"event": "solve", "method": "sa", "weights_used": {"compactness": 0.4033725622621941, "tv_viewing_distance": 1.4940118886904459, "walkway": 1.7860736426476844}, "score": 180.30753533120077, "penalties": {"compactness": 447.0, "tv_viewing_distance": 0.0, "walkway": 0.0}, "timestamp": "2025-11-01T19:45:47Z"}
{"event": "solve", "method": "sa", "weights_used": {"compactness": 0.4033725622621941, "tv_viewing_distance": 1.4940118886904459, "walkway": 1.7860736426476844}, "score": 182.32439814251174, "penalties": {"compactness": 452.0, "tv_viewing_distance": 0.0, "walkway": 0.0}, "timestamp": "2025-11-01T19:45:47Z"}
{"event": "solve", "method": "sa", "weights_used": {"compactness": 0.4033725622621941, "tv_viewing_distance": 1.4940118886904459, "walkway": 1.7860736426476844}, "score": 172.64345664821906, "penalties": {"compactness": 428.0, "tv_viewing_distance": 0.0, "walkway": 0.0}, "timestamp": "2025-11-01T19:45:48Z"}
{"event": "finalize", "accepted": true, "penalties": {"compactness": 1000000.0, "tv_viewing_distance": 1000000.0, "walkway": 1000000.0}, "weights_new": {"compactness": 0.6023966690099753, "tv_viewing_distance": 1.4203761638311643, "walkway": 1.5756341349188188}, "timestamp": "2025-11-01T19:45:55Z"}
{"event": "solve", "method": "ga", "weights_used": {"compactness": 0.6023966690099753, "tv_viewing_distance": 1.4203761638311643, "walkway": 1.6544158416647599}, "score": 253.00660098418965, "penalties": {"compactness": 420.0, "tv_viewing_distance": 0.0, "walkway": 0.0}, "timestamp": "2025-11-01T19:45:56Z"}
{"event": "finalize", "accepted": true, "penalties": {"compactness": 876.0, "tv_viewing_distance": 105.0, "walkway": 0.0}, "weights_new": {"compactness": 0.45179750278442415, "tv_viewing_distance": 1.0652821314410086, "walkway": 2.0813273335345257}, "timestamp": "2025-11-01T19:46:04Z"}
{"event": "solve", "method": "ga", "weights_used": {"compactness": 0.45179750278442415, "tv_viewing_distance": 1.0652821314410086, "walkway": 2.185393700211252}, "score": 226.3505488949965, "penalties": {"compactness": 501.0, "tv_viewing_distance": 0.0, "walkway": 0.0}, "timestamp": "2025-11-01T19:46:06Z"}
{"event": "finalize", "accepted": true, "penalties": {"compactness": 852.0, "tv_viewing_distance": 96.0, "walkway": 0.0}, "weights_new": {"compactness": 0.3388481281441887, "tv_viewing_distance": 0.7989616079516078, "walkway": 2.460597231664162}, "timestamp": "2025-11-01T19:46:12Z"}
{"event": "solve", "method": "ga", "weights_used": {"compactness": 0.3388481281441887, "tv_viewing_distance": 0.7989616079516078, "walkway": 2.58362709324737}, "score": 131.4730737199452, "penalties": {"compactness": 388.0, "tv_viewing_distance": 0.0, "walkway": 0.0}, "timestamp": "2025-11-01T19:46:14Z"}
{"event": "solve", "method": "ga", "weights_used": {"compactness": 0.3388481281441887, "tv_viewing_distance": 0.7989616079516078, "walkway": 2.58362709324737}, "score": 138.58888441097318, "penalties": {"compactness": 409.0, "tv_viewing_distance": 0.0, "walkway": 0.0}, "timestamp": "2025-11-01T19:46:15Z"}
{"event": "solve", "method": "ga", "weights_used": {"compactness": 0.3388481281441887, "tv_viewing_distance": 0.7989616079516078, "walkway": 2.58362709324737}, "score": 143.671606333136, "penalties": {"compactness": 424.0, "tv_viewing_distance": 0.0, "walkway": 0.0}, "timestamp": "2025-11-01T19:46:16Z"}
{"event": "solve", "method": "ga", "weights_used": {"compactness": 0.3388481281441887, "tv_viewing_distance": 0.7989616079516078, "walkway": 2.58362709324737}, "score": 140.96082130798248, "penalties": {"compactness": 416.0, "tv_viewing_distance": 0.0, "walkway": 0.0}, "timestamp": "2025-11-01T19:46:17Z"}
{"event": "solve", "method": "ga", "weights_used": {"compactness": 0.3388481281441887, "tv_viewing_distance": 0.7989616079516078, "walkway": 2.58362709324737}, "score": 119.6133892348986, "penalties": {"compactness": 353.0, "tv_viewing_distance": 0.0, "walkway": 0.0}, "timestamp": "2025-11-01T19:46:17Z"}
{"event": "solve", "method": "ga", "weights_used": {"compactness": 0.3388481281441887, "tv_viewing_distance": 0.7989616079516078, "walkway": 2.58362709324737}, "score": 133.50616248881033, "penalties": {"compactness": 394.0, "tv_viewing_distance": 0.0, "walkway": 0.0}, "timestamp": "2025-11-01T19:46:20Z"}
{"event": "solve", "method": "ga", "weights_used": {"compactness": 0.3388481281441887, "tv_viewing_distance": 0.7989616079516078, "walkway": 2.58362709324737}, "score": 140.6219731798383, "penalties": {"compactness": 415.0, "tv_viewing_distance": 0.0, "walkway": 0.0}, "timestamp": "2025-11-01T19:46:24Z"}
{"event": "solve", "method": "ga", "weights_used": {"compactness": 0.3388481281441887, "tv_viewing_distance": 0.7989616079516078, "walkway": 2.58362709324737}, "score": 144.0104544612802, "penalties": {"compactness": 425.0, "tv_viewing_distance": 0.0, "walkway": 0.0}, "timestamp": "2025-11-01T19:46:25Z"}
{"event": "solve", "method": "sa", "weights_used": {"compactness": 0.3388481281441887, "tv_viewing_distance": 0.7989616079516078, "walkway": 2.58362709324737}, "score": 154.51474643375005, "penalties": {"compactness": 456.0, "tv_viewing_distance": 0.0, "walkway": 0.0}, "timestamp": "2025-11-01T19:46:26Z"}
{"event": "solve", "method": "sa", "weights_used": {"compactness": 0.3388481281441887, "tv_viewing_distance": 0.7989616079516078, "walkway": 2.58362709324737}, "score": 143.671606333136, "penalties": {"compactness": 424.0, "tv_viewing_distance": 0.0, "walkway": 0.0}, "timestamp": "2025-11-01T19:46:27Z"}
{"event": "solve", "method": "sa", "weights_used": {"compactness": 0.3388481281441887, "tv_viewing_distance": 0.7989616079516078, "walkway": 2.58362709324737}, "score": 161.29170899663382, "penalties": {"compactness": 476.0, "tv_viewing_distance": 0.0, "walkway": 0.0}, "timestamp": "2025-11-01T19:46:27Z"}
{"event": "solve", "method": "sa", "weights_used": {"compactness": 0.3388481281441887, "tv_viewing_distance": 0.7989616079516078, "walkway": 2.58362709324737}, "score": 144.34930258942438, "penalties": {"compactness": 426.0, "tv_viewing_distance": 0.0, "walkway": 0.0}, "timestamp": "2025-11-01T19:46:30Z"}
{"event": "solve", "method": "sa", "weights_used": {"compactness": 0.3388481281441887, "tv_viewing_distance": 0.7989616079516078, "walkway": 2.58362709324737}, "score": 156.54783520261518, "penalties": {"compactness": 462.0, "tv_viewing_distance": 0.0, "walkway": 0.0}, "timestamp": "2025-11-01T19:46:31Z"}
{"event": "solve", "method": "sa", "weights_used": {"compactness": 0.3388481281441887, "tv_viewing_distance": 0.7989616079516078, "walkway": 2.58362709324737}, "score": 152.1428095367407, "penalties": {"compactness": 449.0, "tv_viewing_distance": 0.0, "walkway": 0.0}, "timestamp": "2025-11-01T19:46:32Z"}
{"event": "solve", "method": "sa", "weights_used": {"compactness": 0.3388481281441887, "tv_viewing_distance": 0.7989616079516078, "walkway": 2.58362709324737}, "score": 142.9939100768476, "penalties": {"compactness": 422.0, "tv_viewing_distance": 0.0, "walkway": 0.0}, "timestamp": "2025-11-01T19:46:33Z"}
{"event": "solve", "method": "sa", "weights_used": {"compactness": 0.3388481281441887, "tv_viewing_distance": 0.7989616079516078, "walkway": 2.58362709324737}, "score": 144.0104544612802, "penalties": {"compactness": 425.0, "tv_viewing_distance": 0.0, "walkway": 0.0}, "timestamp": "2025-11-01T19:46:35Z"}
{"event": "solve", "method": "sa", "weights_used": {"compactness": 0.3388481281441887, "tv_viewing_distance": 0.7989616079516078, "walkway": 2.58362709324737}, "score": 152.1428095367407, "penalties": {"compactness": 449.0, "tv_viewing_distance": 0.0, "walkway": 0.0}, "timestamp": "2025-11-01T19:46:37Z"}
{"event": "solve", "method": "sa", "weights_used": {"compactness": 0.3388481281441887, "tv_viewing_distance": 0.7989616079516078, "walkway": 2.58362709324737}, "score": 142.65506194870343, "penalties": {"compactness": 421.0, "tv_viewing_distance": 0.0, "walkway": 0.0}, "timestamp": "2025-11-01T19:46:38Z"}
{"event": "solve", "method": "sa", "weights_used": {"compactness": 0.3388481281441887, "tv_viewing_distance": 0.7989616079516078, "walkway": 2.58362709324737}, "score": 166.27811349397894, "penalties": {"compactness": 486.0, "tv_viewing_distance": 2.0, "walkway": 0.0}, "timestamp": "2025-11-01T19:46:39Z"}
{"event": "solve", "method": "sa", "weights_used": {"compactness": 0.3388481281441887, "tv_viewing_distance": 0.7989616079516078, "walkway": 2.58362709324737}, "score": 150.78741702416397, "penalties": {"compactness": 445.0, "tv_viewing_distance": 0.0, "walkway": 0.0}, "timestamp": "2025-11-01T19:46:40Z"}
{"event": "solve", "method": "sa", "weights_used": {"compactness": 0.3388481281441887, "tv_viewing_distance": 0.7989616079516078, "walkway": 2.58362709324737}, "score": 174.50678599425717, "penalties": {"compactness": 515.0, "tv_viewing_distance": 0.0, "walkway": 0.0}, "timestamp": "2025-11-01T19:46:41Z"}
{"event": "solve", "method": "sa", "weights_used": {"compactness": 0.3388481281441887, "tv_viewing_distance": 0.7989616079516078, "walkway": 2.58362709324737}, "score": 162.98594963735476, "penalties": {"compactness": 481.0, "tv_viewing_distance": 0.0, "walkway": 0.0}, "timestamp": "2025-11-01T19:46:42Z"}
{"event": "solve", "method": "sa", "weights_used": {"compactness": 0.3388481281441887, "tv_viewing_distance": 0.7989616079516078, "walkway": 2.58362709324737}, "score": 150.44856889601976, "penalties": {"compactness": 444.0, "tv_viewing_distance": 0.0, "walkway": 0.0}, "timestamp": "2025-11-01T19:46:42Z"}
{"event": "solve", "method": "sa", "weights_used": {"compactness": 0.3388481281441887, "tv_viewing_distance": 0.7989616079516078, "walkway": 2.58362709324737}, "score": 159.2586202277687, "penalties": {"compactness": 470.0, "tv_viewing_distance": 0.0, "walkway": 0.0}, "timestamp": "2025-11-01T19:46:43Z"}
{"event": "solve", "method": "sa", "weights_used": {"compactness": 0.3388481281441887, "tv_viewing_distance": 0.7989616079516078, "walkway": 2.58362709324737}, "score": 150.1097207678756, "penalties": {"compactness": 443.0, "tv_viewing_distance": 0.0, "walkway": 0.0}, "timestamp": "2025-11-01T19:46:43Z"}
{"event": "solve", "method": "sa", "weights_used": {"compactness": 0.3388481281441887, "tv_viewing_distance": 0.7989616079516078, "walkway": 2.58362709324737}, "score": 154.51474643375005, "penalties": {"compactness": 456.0, "tv_viewing_distance": 0.0, "walkway": 0.0}, "timestamp": "2025-11-01T19:46:44Z"}
{"event": "solve", "method": "sa", "weights_used": {"compactness": 0.3388481281441887, "tv_viewing_distance": 0.7989616079516078, "walkway": 2.58362709324737}, "score": 176.20102663497812, "penalties": {"compactness": 520.0, "tv_viewing_distance": 0.0, "walkway": 0.0}, "timestamp": "2025-11-01T19:46:44Z"}
{"event": "solve", "method": "sa", "weights_used": {"compactness": 0.3388481281441887, "tv_viewing_distance": 0.7989616079516078, "walkway": 2.58362709324737}, "score": 164.3413421499315, "penalties": {"compactness": 485.0, "tv_viewing_distance": 0.0, "walkway": 0.0}, "timestamp": "2025-11-01T19:46:44Z"}
{"event": "solve", "method": "ga", "weights_used": {"compactness": 0.3388481281441887, "tv_viewing_distance": 0.7989616079516078, "walkway": 2.58362709324737}, "score": 140.28312505169413, "penalties": {"compactness": 414.0, "tv_viewing_distance": 0.0, "walkway": 0.0}, "timestamp": "2025-11-01T19:46:45Z"}
{"event": "solve", "method": "ga", "weights_used": {"compactness": 0.3388481281441887, "tv_viewing_distance": 0.7989616079516078, "walkway": 2.58362709324737}, "score": 161.29170899663382, "penalties": {"compactness": 476.0, "tv_viewing_distance": 0.0, "walkway": 0.0}, "timestamp": "2025-11-01T19:46:45Z"}
{"event": "solve", "method": "ga", "weights_used": {"compactness": 0.3388481281441887, "tv_viewing_distance": 0.7989616079516078, "walkway": 2.58362709324737}, "score": 146.7212394864337, "penalties": {"compactness": 433.0, "tv_viewing_distance": 0.0, "walkway": 0.0}, "timestamp": "2025-11-01T19:46:46Z"}
{"event": "solve", "method": "ga", "weights_used": {"compactness": 0.3388481281441887, "tv_viewing_distance": 0.7989616079516078, "walkway": 2.58362709324737}, "score": 142.9939100768476, "penalties": {"compactness": 422.0, "tv_viewing_distance": 0.0, "walkway": 0.0}, "timestamp": "2025-11-01T19:46:46Z"}
{"event": "solve", "method": "ga", "weights_used": {"compactness": 0.3388481281441887, "tv_viewing_distance": 0.7989616079516078, "walkway": 2.58362709324737}, "score": 144.0104544612802, "penalties": {"compactness": 425.0, "tv_viewing_distance": 0.0, "walkway": 0.0}, "timestamp": "2025-11-01T19:46:46Z"}
{"event": "solve", "method": "ga", "weights_used": {"compactness": 0.3388481281441887, "tv_viewing_distance": 0.7989616079516078, "walkway": 2.58362709324737}, "score": 130.45652933551264, "penalties": {"compactness": 385.0, "tv_viewing_distance": 0.0, "walkway": 0.0}, "timestamp": "2025-11-01T19:46:46Z"}
{"event": "solve", "method": "ga", "weights_used": {"compactness": 0.3388481281441887, "tv_viewing_distance": 0.7989616079516078, "walkway": 2.58362709324737}, "score": 127.40689618221495, "penalties": {"compactness": 376.0, "tv_viewing_distance": 0.0, "walkway": 0.0}, "timestamp": "2025-11-01T19:46:47Z"}
{"event": "solve", "method": "ga", "weights_used": {"compactness": 0.3388481281441887, "tv_viewing_distance": 0.7989616079516078, "walkway": 2.58362709324737}, "score": 140.6219731798383, "penalties": {"compactness": 415.0, "tv_viewing_distance": 0.0, "walkway": 0.0}, "timestamp": "2025-11-01T19:46:47Z"}
{"event": "solve", "method": "ga", "weights_used": {"compactness": 0.3388481281441887, "tv_viewing_distance": 0.7989616079516078, "walkway": 2.58362709324737}, "score": 133.84501061695454, "penalties": {"compactness": 395.0, "tv_viewing_distance": 0.0, "walkway": 0.0}, "timestamp": "2025-11-01T19:46:48Z"}
{"event": "solve", "method": "ga", "weights_used": {"compactness": 0.3388481281441887, "tv_viewing_distance": 0.7989616079516078, "walkway": 2.58362709324737}, "score": 132.82846623252198, "penalties": {"compactness": 392.0, "tv_viewing_distance": 0.0, "walkway": 0.0}, "timestamp": "2025-11-01T19:46:49Z"}
{"event": "solve", "method": "ga", "weights_used": {"compactness": 0.3388481281441887, "tv_viewing_distance": 0.7989616079516078, "walkway": 2.58362709324737}, "score": 137.2334918983964, "penalties": {"compactness": 405.0, "tv_viewing_distance": 0.0, "walkway": 0.0}, "timestamp": "2025-11-01T19:46:49Z"}
{"event": "solve", "method": "ga", "weights_used": {"compactness": 0.3388481281441887, "tv_viewing_distance": 0.7989616079516078, "walkway": 2.58362709324737}, "score": 147.39893574272207, "penalties": {"compactness": 435.0, "tv_viewing_distance": 0.0, "walkway": 0.0}, "timestamp": "2025-11-01T19:46:49Z"}
{"event": "solve", "method": "ga", "weights_used": {"compactness": 0.3388481281441887, "tv_viewing_distance": 0.7989616079516078, "walkway": 2.58362709324737}, "score": 131.13422559180103, "penalties": {"compactness": 387.0, "tv_viewing_distance": 0.0, "walkway": 0.0}, "timestamp": "2025-11-01T19:46:50Z"}
{"event": "finalize", "accepted": true, "penalties": {"compactness": 883.0, "tv_viewing_distance": 0.0, "walkway": 0.0}, "weights_new": {"compactness": 0.2541360966175423, "tv_viewing_distance": 1.0490220766790004, "walkway": 2.295248794463416}, "timestamp": "2025-11-03T12:58:59Z"}
{"event": "solve", "method": "ga", "weights_used": {"compactness": 0.2541360966175423, "tv_viewing_distance": 1.0490220766790004, "walkway": 2.410011234186587}, "score": 221.8608123471144, "penalties": {"compactness": 873.0, "tv_viewing_distance": 0.0, "walkway": 0.0}, "timestamp": "2025-11-03T12:59:02Z"}
{"event": "finalize", "accepted": true, "penalties": {"compactness": 854.0, "tv_viewing_distance": 110.0, "walkway": 0.0}, "weights_new": {"compactness": 0.1906020735165545, "tv_viewing_distance": 0.7867665656874477, "walkway": 2.621038328555956}, "timestamp": "2025-11-03T12:59:35Z"}
{"event": "solve", "method": "ga", "weights_used": {"compactness": 0.1906020735165545, "tv_viewing_distance": 0.7867665656874477, "walkway": 2.752090244983754}, "score": 130.56242035883983, "penalties": {"compactness": 685.0, "tv_viewing_distance": 0.0, "walkway": 0.0}, "timestamp": "2025-11-03T12:59:37Z"}
{"event": "solve", "method": "sa", "weights_used": {"compactness": 0.1906020735165545, "tv_viewing_distance": 0.7867665656874477, "walkway": 2.752090244983754}, "score": 167.34862054753486, "penalties": {"compactness": 878.0, "tv_viewing_distance": 0.0, "walkway": 0.0}, "timestamp": "2025-11-03T12:59:42Z"}
{"event": "solve", "method": "sa", "weights_used": {"compactness": 0.1906020735165545, "tv_viewing_distance": 0.7867665656874477, "walkway": 2.752090244983754}, "score": 174.67310235493417, "penalties": {"compactness": 838.0, "tv_viewing_distance": 19.0, "walkway": 0.0}, "timestamp": "2025-11-03T12:59:46Z"}
{"event": "solve", "method": "sa", "weights_used": {"compactness": 0.1906020735165545, "tv_viewing_distance": 0.7867665656874477, "walkway": 2.752090244983754}, "score": 167.72982469456795, "penalties": {"compactness": 880.0, "tv_viewing_distance": 0.0, "walkway": 0.0}, "timestamp": "2025-11-03T12:59:48Z"}
{"event": "solve", "method": "sa", "weights_used": {"compactness": 0.1906020735165545, "tv_viewing_distance": 0.7867665656874477, "walkway": 2.752090244983754}, "score": 160.4869459009389, "penalties": {"compactness": 842.0, "tv_viewing_distance": 0.0, "walkway": 0.0}, "timestamp": "2025-11-03T12:59:49Z"}
{"event": "solve", "method": "ga", "weights_used": {"compactness": 0.1906020735165545, "tv_viewing_distance": 0.7867665656874477, "walkway": 2.752090244983754}, "score": 128.84700169719085, "penalties": {"compactness": 676.0, "tv_viewing_distance": 0.0, "walkway": 0.0}, "timestamp": "2025-11-03T12:59:50Z"}
{"event": "finalize", "accepted": true, "penalties": {"compactness": 865.0, "tv_viewing_distance": 91.0, "walkway": 0.0}, "weights_new": {"compactness": 0.14295155617741787, "tv_viewing_distance": 0.5900749341513191, "walkway": 2.8653804774312217}, "timestamp": "2025-11-03T13:00:03Z"}
{"event": "solve", "method": "ga", "weights_used": {"compactness": 0.14295155617741787, "tv_viewing_distance": 0.5900749341513191, "walkway": 3.008649501302783}, "score": 101.06675021743443, "penalties": {"compactness": 707.0, "tv_viewing_distance": 0.0, "walkway": 0.0}, "timestamp": "2025-11-03T13:00:06Z"}
